This is pdfTeX, Version 3.1415926-2.5-1.40.14 (TeX Live 2013) (format=pdflatex 2014.1.11)  11 JAN 2015 23:53
entering extended mode
 restricted \write18 enabled.
 %&-line parsing enabled.
**Report_JvOorschot_0721913.tex
(./Report_JvOorschot_0721913.tex
LaTeX2e <2011/06/27>
Babel <3.9h> and hyphenation patterns for 78 languages loaded.
(/usr/local/texlive/2013/texmf-dist/tex/latex/base/article.cls
Document Class: article 2007/10/19 v1.4h Standard LaTeX document class
(/usr/local/texlive/2013/texmf-dist/tex/latex/base/size11.clo
File: size11.clo 2007/10/19 v1.4h Standard LaTeX file (size option)
)
\c@part=\count79
\c@section=\count80
\c@subsection=\count81
\c@subsubsection=\count82
\c@paragraph=\count83
\c@subparagraph=\count84
\c@figure=\count85
\c@table=\count86
\abovecaptionskip=\skip41
\belowcaptionskip=\skip42
\bibindent=\dimen102
)
(/usr/local/texlive/2013/texmf-dist/tex/latex/a4wide/a4wide.sty
Package: a4wide 1994/08/30

(/usr/local/texlive/2013/texmf-dist/tex/latex/ntgclass/a4.sty
Package: a4 2004/04/15 v1.2g A4 based page layout
))
(/usr/local/texlive/2013/texmf-dist/tex/latex/graphics/graphicx.sty
Package: graphicx 1999/02/16 v1.0f Enhanced LaTeX Graphics (DPC,SPQR)

(/usr/local/texlive/2013/texmf-dist/tex/latex/graphics/keyval.sty
Package: keyval 1999/03/16 v1.13 key=value parser (DPC)
\KV@toks@=\toks14
)
(/usr/local/texlive/2013/texmf-dist/tex/latex/graphics/graphics.sty
Package: graphics 2009/02/05 v1.0o Standard LaTeX Graphics (DPC,SPQR)

(/usr/local/texlive/2013/texmf-dist/tex/latex/graphics/trig.sty
Package: trig 1999/03/16 v1.09 sin cos tan (DPC)
)
(/usr/local/texlive/2013/texmf-dist/tex/latex/latexconfig/graphics.cfg
File: graphics.cfg 2010/04/23 v1.9 graphics configuration of TeX Live
)
Package graphics Info: Driver file: pdftex.def on input line 91.

(/usr/local/texlive/2013/texmf-dist/tex/latex/pdftex-def/pdftex.def
File: pdftex.def 2011/05/27 v0.06d Graphics/color for pdfTeX

(/usr/local/texlive/2013/texmf-dist/tex/generic/oberdiek/infwarerr.sty
Package: infwarerr 2010/04/08 v1.3 Providing info/warning/error messages (HO)
)
(/usr/local/texlive/2013/texmf-dist/tex/generic/oberdiek/ltxcmds.sty
Package: ltxcmds 2011/11/09 v1.22 LaTeX kernel commands for general use (HO)
)
\Gread@gobject=\count87
))
\Gin@req@height=\dimen103
\Gin@req@width=\dimen104
)
(/usr/local/texlive/2013/texmf-dist/tex/latex/fancyhdr/fancyhdr.sty
\fancy@headwidth=\skip43
\f@ncyO@elh=\skip44
\f@ncyO@erh=\skip45
\f@ncyO@olh=\skip46
\f@ncyO@orh=\skip47
\f@ncyO@elf=\skip48
\f@ncyO@erf=\skip49
\f@ncyO@olf=\skip50
\f@ncyO@orf=\skip51
)
(/usr/local/texlive/2013/texmf-dist/tex/latex/amsmath/amsmath.sty
Package: amsmath 2013/01/14 v2.14 AMS math features
\@mathmargin=\skip52

For additional information on amsmath, use the `?' option.
(/usr/local/texlive/2013/texmf-dist/tex/latex/amsmath/amstext.sty
Package: amstext 2000/06/29 v2.01

(/usr/local/texlive/2013/texmf-dist/tex/latex/amsmath/amsgen.sty
File: amsgen.sty 1999/11/30 v2.0
\@emptytoks=\toks15
\ex@=\dimen105
))
(/usr/local/texlive/2013/texmf-dist/tex/latex/amsmath/amsbsy.sty
Package: amsbsy 1999/11/29 v1.2d
\pmbraise@=\dimen106
)
(/usr/local/texlive/2013/texmf-dist/tex/latex/amsmath/amsopn.sty
Package: amsopn 1999/12/14 v2.01 operator names
)
\inf@bad=\count88
LaTeX Info: Redefining \frac on input line 210.
\uproot@=\count89
\leftroot@=\count90
LaTeX Info: Redefining \overline on input line 306.
\classnum@=\count91
\DOTSCASE@=\count92
LaTeX Info: Redefining \ldots on input line 378.
LaTeX Info: Redefining \dots on input line 381.
LaTeX Info: Redefining \cdots on input line 466.
\Mathstrutbox@=\box26
\strutbox@=\box27
\big@size=\dimen107
LaTeX Font Info:    Redeclaring font encoding OML on input line 566.
LaTeX Font Info:    Redeclaring font encoding OMS on input line 567.
\macc@depth=\count93
\c@MaxMatrixCols=\count94
\dotsspace@=\muskip10
\c@parentequation=\count95
\dspbrk@lvl=\count96
\tag@help=\toks16
\row@=\count97
\column@=\count98
\maxfields@=\count99
\andhelp@=\toks17
\eqnshift@=\dimen108
\alignsep@=\dimen109
\tagshift@=\dimen110
\tagwidth@=\dimen111
\totwidth@=\dimen112
\lineht@=\dimen113
\@envbody=\toks18
\multlinegap=\skip53
\multlinetaggap=\skip54
\mathdisplay@stack=\toks19
LaTeX Info: Redefining \[ on input line 2665.
LaTeX Info: Redefining \] on input line 2666.
)
(/usr/local/texlive/2013/texmf-dist/tex/latex/amsfonts/amssymb.sty
Package: amssymb 2013/01/14 v3.01 AMS font symbols

(/usr/local/texlive/2013/texmf-dist/tex/latex/amsfonts/amsfonts.sty
Package: amsfonts 2013/01/14 v3.01 Basic AMSFonts support
\symAMSa=\mathgroup4
\symAMSb=\mathgroup5
LaTeX Font Info:    Overwriting math alphabet `\mathfrak' in version `bold'
(Font)                  U/euf/m/n --> U/euf/b/n on input line 106.
))
(/usr/local/texlive/2013/texmf-dist/tex/latex/float/float.sty
Package: float 2001/11/08 v1.3d Float enhancements (AL)
\c@float@type=\count100
\float@exts=\toks20
\float@box=\box28
\@float@everytoks=\toks21
\@floatcapt=\box29
)
(/usr/local/texlive/2013/texmf-dist/tex/latex/algorithms/algorithmic.sty
Package: algorithmic 2009/08/24 v0.1 Document Style `algorithmic'

(/usr/local/texlive/2013/texmf-dist/tex/latex/base/ifthen.sty
Package: ifthen 2001/05/26 v1.1c Standard LaTeX ifthen package (DPC)
)
\c@ALC@unique=\count101
\c@ALC@line=\count102
\c@ALC@rem=\count103
\c@ALC@depth=\count104
\ALC@tlm=\skip55
\algorithmicindent=\skip56
)
(/usr/local/texlive/2013/texmf-dist/tex/latex/hyperref/hyperref.sty
Package: hyperref 2012/11/06 v6.83m Hypertext links for LaTeX

(/usr/local/texlive/2013/texmf-dist/tex/generic/oberdiek/hobsub-hyperref.sty
Package: hobsub-hyperref 2012/05/28 v1.13 Bundle oberdiek, subset hyperref (HO)


(/usr/local/texlive/2013/texmf-dist/tex/generic/oberdiek/hobsub-generic.sty
Package: hobsub-generic 2012/05/28 v1.13 Bundle oberdiek, subset generic (HO)
Package: hobsub 2012/05/28 v1.13 Construct package bundles (HO)
Package hobsub Info: Skipping package `infwarerr' (already loaded).
Package hobsub Info: Skipping package `ltxcmds' (already loaded).
Package: ifluatex 2010/03/01 v1.3 Provides the ifluatex switch (HO)
Package ifluatex Info: LuaTeX not detected.
Package: ifvtex 2010/03/01 v1.5 Detect VTeX and its facilities (HO)
Package ifvtex Info: VTeX not detected.
Package: intcalc 2007/09/27 v1.1 Expandable calculations with integers (HO)
Package: ifpdf 2011/01/30 v2.3 Provides the ifpdf switch (HO)
Package ifpdf Info: pdfTeX in PDF mode is detected.
Package: etexcmds 2011/02/16 v1.5 Avoid name clashes with e-TeX commands (HO)
Package etexcmds Info: Could not find \expanded.
(etexcmds)             That can mean that you are not using pdfTeX 1.50 or
(etexcmds)             that some package has redefined \expanded.
(etexcmds)             In the latter case, load this package earlier.
Package: kvsetkeys 2012/04/25 v1.16 Key value parser (HO)
Package: kvdefinekeys 2011/04/07 v1.3 Define keys (HO)
Package: pdftexcmds 2011/11/29 v0.20 Utility functions of pdfTeX for LuaTeX (HO
)
Package pdftexcmds Info: LuaTeX not detected.
Package pdftexcmds Info: \pdf@primitive is available.
Package pdftexcmds Info: \pdf@ifprimitive is available.
Package pdftexcmds Info: \pdfdraftmode found.
Package: pdfescape 2011/11/25 v1.13 Implements pdfTeX's escape features (HO)
Package: bigintcalc 2012/04/08 v1.3 Expandable calculations on big integers (HO
)
Package: bitset 2011/01/30 v1.1 Handle bit-vector datatype (HO)
Package: uniquecounter 2011/01/30 v1.2 Provide unlimited unique counter (HO)
)
Package hobsub Info: Skipping package `hobsub' (already loaded).
Package: letltxmacro 2010/09/02 v1.4 Let assignment for LaTeX macros (HO)
Package: hopatch 2012/05/28 v1.2 Wrapper for package hooks (HO)
Package: xcolor-patch 2011/01/30 xcolor patch
Package: atveryend 2011/06/30 v1.8 Hooks at the very end of document (HO)
Package atveryend Info: \enddocument detected (standard20110627).
Package: atbegshi 2011/10/05 v1.16 At begin shipout hook (HO)
Package: refcount 2011/10/16 v3.4 Data extraction from label references (HO)
Package: hycolor 2011/01/30 v1.7 Color options for hyperref/bookmark (HO)
)
(/usr/local/texlive/2013/texmf-dist/tex/generic/ifxetex/ifxetex.sty
Package: ifxetex 2010/09/12 v0.6 Provides ifxetex conditional
)
(/usr/local/texlive/2013/texmf-dist/tex/latex/oberdiek/auxhook.sty
Package: auxhook 2011/03/04 v1.3 Hooks for auxiliary files (HO)
)
(/usr/local/texlive/2013/texmf-dist/tex/latex/oberdiek/kvoptions.sty
Package: kvoptions 2011/06/30 v3.11 Key value format for package options (HO)
)
\@linkdim=\dimen114
\Hy@linkcounter=\count105
\Hy@pagecounter=\count106

(/usr/local/texlive/2013/texmf-dist/tex/latex/hyperref/pd1enc.def
File: pd1enc.def 2012/11/06 v6.83m Hyperref: PDFDocEncoding definition (HO)
)
\Hy@SavedSpaceFactor=\count107

(/usr/local/texlive/2013/texmf-dist/tex/latex/latexconfig/hyperref.cfg
File: hyperref.cfg 2002/06/06 v1.2 hyperref configuration of TeXLive
)
Package hyperref Info: Hyper figures OFF on input line 4443.
Package hyperref Info: Link nesting OFF on input line 4448.
Package hyperref Info: Hyper index ON on input line 4451.
Package hyperref Info: Plain pages OFF on input line 4458.
Package hyperref Info: Backreferencing OFF on input line 4463.
Package hyperref Info: Implicit mode ON; LaTeX internals redefined.
Package hyperref Info: Bookmarks ON on input line 4688.
\c@Hy@tempcnt=\count108

(/usr/local/texlive/2013/texmf-dist/tex/latex/url/url.sty
\Urlmuskip=\muskip11
Package: url 2013/09/16  ver 3.4  Verb mode for urls, etc.
)
LaTeX Info: Redefining \url on input line 5041.
\XeTeXLinkMargin=\dimen115
\Fld@menulength=\count109
\Field@Width=\dimen116
\Fld@charsize=\dimen117
Package hyperref Info: Hyper figures OFF on input line 6295.
Package hyperref Info: Link nesting OFF on input line 6300.
Package hyperref Info: Hyper index ON on input line 6303.
Package hyperref Info: backreferencing OFF on input line 6310.
Package hyperref Info: Link coloring OFF on input line 6315.
Package hyperref Info: Link coloring with OCG OFF on input line 6320.
Package hyperref Info: PDF/A mode OFF on input line 6325.
LaTeX Info: Redefining \ref on input line 6365.
LaTeX Info: Redefining \pageref on input line 6369.
\Hy@abspage=\count110
\c@Item=\count111
\c@Hfootnote=\count112
)

Package hyperref Message: Driver (autodetected): hpdftex.

(/usr/local/texlive/2013/texmf-dist/tex/latex/hyperref/hpdftex.def
File: hpdftex.def 2012/11/06 v6.83m Hyperref driver for pdfTeX
\Fld@listcount=\count113
\c@bookmark@seq@number=\count114

(/usr/local/texlive/2013/texmf-dist/tex/latex/oberdiek/rerunfilecheck.sty
Package: rerunfilecheck 2011/04/15 v1.7 Rerun checks for auxiliary files (HO)
Package uniquecounter Info: New unique counter `rerunfilecheck' on input line 2
82.
)
\Hy@SectionHShift=\skip57
)
(./Report_JvOorschot_0721913.aux)
\openout1 = `Report_JvOorschot_0721913.aux'.

LaTeX Font Info:    Checking defaults for OML/cmm/m/it on input line 46.
LaTeX Font Info:    ... okay on input line 46.
LaTeX Font Info:    Checking defaults for T1/cmr/m/n on input line 46.
LaTeX Font Info:    ... okay on input line 46.
LaTeX Font Info:    Checking defaults for OT1/cmr/m/n on input line 46.
LaTeX Font Info:    ... okay on input line 46.
LaTeX Font Info:    Checking defaults for OMS/cmsy/m/n on input line 46.
LaTeX Font Info:    ... okay on input line 46.
LaTeX Font Info:    Checking defaults for OMX/cmex/m/n on input line 46.
LaTeX Font Info:    ... okay on input line 46.
LaTeX Font Info:    Checking defaults for U/cmr/m/n on input line 46.
LaTeX Font Info:    ... okay on input line 46.
LaTeX Font Info:    Checking defaults for PD1/pdf/m/n on input line 46.
LaTeX Font Info:    ... okay on input line 46.

(/usr/local/texlive/2013/texmf-dist/tex/context/base/supp-pdf.mkii
[Loading MPS to PDF converter (version 2006.09.02).]
\scratchcounter=\count115
\scratchdimen=\dimen118
\scratchbox=\box30
\nofMPsegments=\count116
\nofMParguments=\count117
\everyMPshowfont=\toks22
\MPscratchCnt=\count118
\MPscratchDim=\dimen119
\MPnumerator=\count119
\makeMPintoPDFobject=\count120
\everyMPtoPDFconversion=\toks23
) (/usr/local/texlive/2013/texmf-dist/tex/latex/oberdiek/epstopdf-base.sty
Package: epstopdf-base 2010/02/09 v2.5 Base part for package epstopdf

(/usr/local/texlive/2013/texmf-dist/tex/latex/oberdiek/grfext.sty
Package: grfext 2010/08/19 v1.1 Manage graphics extensions (HO)
)
Package grfext Info: Graphics extension search list:
(grfext)             [.png,.pdf,.jpg,.mps,.jpeg,.jbig2,.jb2,.PNG,.PDF,.JPG,.JPE
G,.JBIG2,.JB2,.eps]
(grfext)             \AppendGraphicsExtensions on input line 452.

(/usr/local/texlive/2013/texmf-dist/tex/latex/latexconfig/epstopdf-sys.cfg
File: epstopdf-sys.cfg 2010/07/13 v1.3 Configuration of (r)epstopdf for TeX Liv
e
))
\AtBeginShipoutBox=\box31
Package hyperref Info: Link coloring OFF on input line 46.

(/usr/local/texlive/2013/texmf-dist/tex/latex/hyperref/nameref.sty
Package: nameref 2012/10/27 v2.43 Cross-referencing by name of section

(/usr/local/texlive/2013/texmf-dist/tex/generic/oberdiek/gettitlestring.sty
Package: gettitlestring 2010/12/03 v1.4 Cleanup title references (HO)
)
\c@section@level=\count121
)
LaTeX Info: Redefining \ref on input line 46.
LaTeX Info: Redefining \pageref on input line 46.
LaTeX Info: Redefining \nameref on input line 46.

(./Report_JvOorschot_0721913.out) (./Report_JvOorschot_0721913.out)
\@outlinefile=\write3
\openout3 = `Report_JvOorschot_0721913.out'.

LaTeX Font Info:    Try loading font information for U+msa on input line 48.

(/usr/local/texlive/2013/texmf-dist/tex/latex/amsfonts/umsa.fd
File: umsa.fd 2013/01/14 v3.01 AMS symbols A
)
LaTeX Font Info:    Try loading font information for U+msb on input line 48.

(/usr/local/texlive/2013/texmf-dist/tex/latex/amsfonts/umsb.fd
File: umsb.fd 2013/01/14 v3.01 AMS symbols B
)
Underfull \vbox (badness 10000) has occurred while \output is active []

 [1{/usr/local/texlive/2013/texmf-var/fonts/map/pdftex/updmap/pdftex.map}

]
(./Report_JvOorschot_0721913.toc)
\tf@toc=\write4
\openout4 = `Report_JvOorschot_0721913.toc'.

 [2]
<MB.png, id=171, 854.19125pt x 842.14626pt>
File: MB.png Graphic file (type png)
 <use MB.png>
Package pdftex.def Info: MB.png used on input line 86.
(pdftex.def)             Requested size: 221.32687pt x 218.1947pt.


LaTeX Warning: `!h' float specifier changed to `!ht'.

<MBon.png, id=173, 854.19125pt x 842.14626pt>
File: MBon.png Graphic file (type png)
 <use MBon.png>
Package pdftex.def Info: MBon.png used on input line 94.
(pdftex.def)             Requested size: 221.32687pt x 218.1947pt.
 [3]
<MCT.png, id=184, 854.19125pt x 842.14626pt>
File: MCT.png Graphic file (type png)
 <use MCT.png>
Package pdftex.def Info: MCT.png used on input line 102.
(pdftex.def)             Requested size: 221.32687pt x 218.1947pt.

<MCS.png, id=185, 854.19125pt x 842.14626pt>
File: MCS.png Graphic file (type png)
 <use MCS.png>
Package pdftex.def Info: MCS.png used on input line 108.
(pdftex.def)             Requested size: 221.32687pt x 218.1947pt.


LaTeX Warning: `!h' float specifier changed to `!ht'.


LaTeX Warning: `!h' float specifier changed to `!ht'.

<MO.png, id=187, 854.19125pt x 842.14626pt>
File: MO.png Graphic file (type png)
 <use MO.png>
Package pdftex.def Info: MO.png used on input line 117.
(pdftex.def)             Requested size: 221.32687pt x 218.1947pt.
 [4 <./MB.png (PNG copy)> <./MBon.png (PNG copy)>]

LaTeX Warning: `!h' float specifier changed to `!ht'.

<MP.png, id=196, 854.19125pt x 842.14626pt>
File: MP.png Graphic file (type png)
 <use MP.png>
Package pdftex.def Info: MP.png used on input line 126.
(pdftex.def)             Requested size: 221.32687pt x 218.1947pt.


LaTeX Warning: `!h' float specifier changed to `!ht'.

<MH.png, id=198, 854.19125pt x 907.39pt>
File: MH.png Graphic file (type png)
 <use MH.png>
Package pdftex.def Info: MH.png used on input line 135.
(pdftex.def)             Requested size: 221.32687pt x 235.09894pt.
 [5 <./MCT.png (PNG copy)> <./MCS.png (PNG copy)>]

LaTeX Warning: `!h' float specifier changed to `!ht'.

<MT.png, id=206, 854.19125pt x 907.39pt>
File: MT.png Graphic file (type png)
 <use MT.png>
Package pdftex.def Info: MT.png used on input line 147.
(pdftex.def)             Requested size: 221.32687pt x 235.09894pt.
 [6 <./MO.png (PNG copy)> <./MP.png (PNG copy)>]
Underfull \vbox (badness 10000) has occurred while \output is active []

 [7 <./MH.png (PNG copy)> <./MT.png (PNG copy)>]
<images/backpackComp.png, id=219, 474.77374pt x 346.29375pt>
File: images/backpackComp.png Graphic file (type png)

<use images/backpackComp.png>
Package pdftex.def Info: images/backpackComp.png used on input line 162.
(pdftex.def)             Requested size: 332.33936pt x 242.40396pt.

<images/bonsaiComp2.png, id=221, 292.09125pt x 323.2075pt>
File: images/bonsaiComp2.png Graphic file (type png)

<use images/bonsaiComp2.png>
Package pdftex.def Info: images/bonsaiComp2.png used on input line 172.
(pdftex.def)             Requested size: 204.46246pt x 226.2437pt.


LaTeX Warning: `h' float specifier changed to `ht'.

[8 <./images/backpackComp.png>]
<images/carpComp.png, id=232, 350.30875pt x 166.6225pt>
File: images/carpComp.png Graphic file (type png)

<use images/carpComp.png>
Package pdftex.def Info: images/carpComp.png used on input line 183.
(pdftex.def)             Requested size: 141.65244pt x 67.37749pt.

Underfull \hbox (badness 1221) in paragraph at lines 184--184
[]\OT1/cmr/m/n/10.95 Figure 11: []Outline of the
 []

<images/carpComp2.png, id=233, 347.2975pt x 155.58125pt>
File: images/carpComp2.png Graphic file (type png)

<use images/carpComp2.png>
Package pdftex.def Info: images/carpComp2.png used on input line 188.
(pdftex.def)             Requested size: 141.65244pt x 63.45872pt.

<images/carpComp4.png, id=234, 325.215pt x 152.57pt>
File: images/carpComp4.png Graphic file (type png)

<use images/carpComp4.png>
Package pdftex.def Info: images/carpComp4.png used on input line 193.
(pdftex.def)             Requested size: 141.65244pt x 66.45587pt.

<images/orangeComp.png, id=237, 389.455pt x 343.2825pt>
File: images/orangeComp.png Graphic file (type png)

<use images/orangeComp.png>
Package pdftex.def Info: images/orangeComp.png used on input line 205.
(pdftex.def)             Requested size: 272.61664pt x 240.2961pt.


LaTeX Warning: `h' float specifier changed to `ht'.

<images/pigComp.png, id=240, 511.9125pt x 478.78876pt>
File: images/pigComp.png Graphic file (type png)

<use images/pigComp.png>
Package pdftex.def Info: images/pigComp.png used on input line 215.
(pdftex.def)             Requested size: 177.05879pt x 165.59872pt.

<images/pigComp2.png, id=241, 534.99875pt x 462.72874pt>
File: images/pigComp2.png Graphic file (type png)

<use images/pigComp2.png>
Package pdftex.def Info: images/pigComp2.png used on input line 219.
(pdftex.def)             Requested size: 221.32687pt x 191.4287pt.
 [9 <./images/bonsaiComp2.png> <./images/carpComp.png> <./images/carpComp2.png>
 <./images/carpComp4.png>]
<images/bodyComp.png, id=260, 240.9pt x 328.22626pt>
File: images/bodyComp.png Graphic file (type png)
 <use images/bodyComp.png>
Package pdftex.def Info: images/bodyComp.png used on input line 228.
(pdftex.def)             Requested size: 177.05879pt x 241.2509pt.

<images/bodyComp2.png, id=261, 210.7875pt x 304.13625pt>
File: images/bodyComp2.png Graphic file (type png)

<use images/bodyComp2.png>
Package pdftex.def Info: images/bodyComp2.png used on input line 232.
(pdftex.def)             Requested size: 221.32687pt x 319.34784pt.

Underfull \vbox (badness 10000) has occurred while \output is active []

 [10 <./images/orangeComp.png> <./images/pigComp.png> <./images/pigComp2.png>]
<images/tomatoComp.png, id=272, 398.48875pt x 358.33875pt>
File: images/tomatoComp.png Graphic file (type png)

<use images/tomatoComp.png>
Package pdftex.def Info: images/tomatoComp.png used on input line 243.
(pdftex.def)             Requested size: 199.24388pt x 179.16893pt.


LaTeX Warning: `h' float specifier changed to `ht'.

<images/toothComp.png, id=274, 181.67876pt x 297.11pt>
File: images/toothComp.png Graphic file (type png)

<use images/toothComp.png>
Package pdftex.def Info: images/toothComp.png used on input line 253.
(pdftex.def)             Requested size: 90.83914pt x 148.55463pt.


LaTeX Warning: `h' float specifier changed to `ht'.

[11 <./images/bodyComp.png> <./images/bodyComp2.png>]
Underfull \hbox (badness 10000) in paragraph at lines 260--261

 []


Underfull \hbox (badness 10000) in paragraph at lines 266--267

 []


Underfull \vbox (badness 10000) has occurred while \output is active []

 [12 <./images/tomatoComp.png> <./images/toothComp.png>]
<images/backpackOp.png, id=293, 488.82625pt x 589.20125pt>
File: images/backpackOp.png Graphic file (type png)

<use images/backpackOp.png>
Package pdftex.def Info: images/backpackOp.png used on input line 270.
(pdftex.def)             Requested size: 177.05879pt x 213.4159pt.

<images/backpackOp2.png, id=294, 381.425pt x 276.03125pt>
File: images/backpackOp2.png Graphic file (type png)

<use images/backpackOp2.png>
Package pdftex.def Info: images/backpackOp2.png used on input line 274.
(pdftex.def)             Requested size: 221.32687pt x 160.16983pt.

<images/bonsaiOp.png, id=296, 448.67625pt x 382.42876pt>
File: images/bonsaiOp.png Graphic file (type png)

<use images/bonsaiOp.png>
Package pdftex.def Info: images/bonsaiOp.png used on input line 283.
(pdftex.def)             Requested size: 269.20782pt x 229.45901pt.


LaTeX Warning: `h' float specifier changed to `ht'.

<images/carpOp.png, id=298, 292.09125pt x 185.69376pt>
File: images/carpOp.png Graphic file (type png)
 <use images/carpOp.png>
Package pdftex.def Info: images/carpOp.png used on input line 292.
(pdftex.def)             Requested size: 292.09052pt x 185.6933pt.


LaTeX Warning: `h' float specifier changed to `ht'.

<images/orangeOp.png, id=301, 364.36125pt x 350.30875pt>
File: images/orangeOp.png Graphic file (type png)

<use images/orangeOp.png>
Package pdftex.def Info: images/orangeOp.png used on input line 301.
(pdftex.def)             Requested size: 182.18018pt x 175.15395pt.

Overfull \hbox (5.12138pt too wide) in paragraph at lines 301--302
[][] 
 []

<images/orangeCompOp.png, id=302, 356.33125pt x 305.14pt>
File: images/orangeCompOp.png Graphic file (type png)

<use images/orangeCompOp.png>
Package pdftex.def Info: images/orangeCompOp.png used on input line 306.
(pdftex.def)             Requested size: 178.16518pt x 152.56961pt.
 [13 <./images/backpackOp.png> <./images/backpackOp2.png>] <images/pigOp.png, i
d=315, 568.1225pt x 434.62375pt>
File: images/pigOp.png Graphic file (type png)

<use images/pigOp.png>
Package pdftex.def Info: images/pigOp.png used on input line 318.
(pdftex.def)             Requested size: 284.06055pt x 217.31134pt.
 [14 <./images/bonsaiOp.png> <./images/orangeOp.png> <./images/orangeCompOp.png
>]
<images/bodyOp2.png, id=325, 233.87375pt x 322.20375pt>
File: images/bodyOp2.png Graphic file (type png)

<use images/bodyOp2.png>
Package pdftex.def Info: images/bodyOp2.png used on input line 327.
(pdftex.def)             Requested size: 210.4844pt x 289.98068pt.

Underfull \vbox (badness 10000) has occurred while \output is active []

 [15 <./images/carpOp.png> <./images/pigOp.png>]
<images/tomatoOp.png, id=337, 392.46625pt x 432.61626pt>
File: images/tomatoOp.png Graphic file (type png)

<use images/tomatoOp.png>
Package pdftex.def Info: images/tomatoOp.png used on input line 336.
(pdftex.def)             Requested size: 141.65244pt x 156.14441pt.

<images/tomatoOp2.png, id=338, 372.39125pt x 406.51875pt>
File: images/tomatoOp2.png Graphic file (type png)

<use images/tomatoOp2.png>
Package pdftex.def Info: images/tomatoOp2.png used on input line 340.
(pdftex.def)             Requested size: 141.65244pt x 154.64pt.

<images/tomatoOp3.png, id=339, 396.48125pt x 415.5525pt>
File: images/tomatoOp3.png Graphic file (type png)

<use images/tomatoOp3.png>
Package pdftex.def Info: images/tomatoOp3.png used on input line 344.
(pdftex.def)             Requested size: 141.65244pt x 148.47011pt.

<images/toothOp.png, id=342, 217.81375pt x 302.12875pt>
File: images/toothOp.png Graphic file (type png)

<use images/toothOp.png>
Package pdftex.def Info: images/toothOp.png used on input line 355.
(pdftex.def)             Requested size: 177.05879pt x 245.59425pt.

<images/toothOp2.png, id=343, 275.0275pt x 315.1775pt>
File: images/toothOp2.png Graphic file (type png)

<use images/toothOp2.png>
Package pdftex.def Info: images/toothOp2.png used on input line 359.
(pdftex.def)             Requested size: 221.32687pt x 253.64761pt.
 [16 <./images/bodyOp2.png> <./images/tomatoOp.png> <./images/tomatoOp2.png> <.
/images/tomatoOp3.png>]
Underfull \hbox (badness 10000) in paragraph at lines 367--368
[]\OT1/cmr/m/n/10.95 https://dlwpswbsp.tue.nl/120-2014/4d0982b89c664c579bd307b3
c4ae82ca/Slides/4-
 []

Package atveryend Info: Empty hook `BeforeClearDocument' on input line 371.
[17 <./images/toothOp.png> <./images/toothOp2.png>]
Package atveryend Info: Empty hook `AfterLastShipout' on input line 371.

(./Report_JvOorschot_0721913.aux)
Package atveryend Info: Executing hook `AtVeryEndDocument' on input line 371.
Package atveryend Info: Executing hook `AtEndAfterFileList' on input line 371.
Package rerunfilecheck Info: File `Report_JvOorschot_0721913.out' has not chang
ed.
(rerunfilecheck)             Checksum: 2AB74A5CB24465860FAE6B9961DBF500;1673.
Package atveryend Info: Empty hook `AtVeryVeryEnd' on input line 371.
 ) 
Here is how much of TeX's memory you used:
 6612 strings out of 493308
 95239 string characters out of 6137822
 183008 words of memory out of 5000000
 9874 multiletter control sequences out of 15000+600000
 13014 words of font info for 49 fonts, out of 8000000 for 9000
 957 hyphenation exceptions out of 8191
 29i,10n,44p,695b,355s stack positions out of 5000i,500n,10000p,200000b,80000s
</usr/local/texlive/2013/texmf-dist/fonts/type1/public/amsfonts/cm/cmbx10.pfb
></usr/local/texlive/2013/texmf-dist/fonts/type1/public/amsfonts/cm/cmbx12.pfb>
</usr/local/texlive/2013/texmf-dist/fonts/type1/public/amsfonts/cm/cmmi10.pfb><
/usr/local/texlive/2013/texmf-dist/fonts/type1/public/amsfonts/cm/cmr10.pfb></u
sr/local/texlive/2013/texmf-dist/fonts/type1/public/amsfonts/cm/cmr12.pfb></usr
/local/texlive/2013/texmf-dist/fonts/type1/public/amsfonts/cm/cmssbx10.pfb></us
r/local/texlive/2013/texmf-dist/fonts/type1/public/amsfonts/cm/cmsy10.pfb></usr
/local/texlive/2013/texmf-dist/fonts/type1/public/amsfonts/cm/cmtt12.pfb>
Output written on Report_JvOorschot_0721913.pdf (17 pages, 4035540 bytes).
PDF statistics:
 413 PDF objects out of 1000 (max. 8388607)
 324 compressed objects within 4 object streams
 85 named destinations out of 1000 (max. 500000)
 406 words of extra memory for PDF output out of 10000 (max. 10000000)

