\BOOKMARK [1][-]{section.1}{Volume Rendering}{}% 1
\BOOKMARK [2][-]{subsection.1.1}{Tri-linear interpolation}{section.1}% 2
\BOOKMARK [2][-]{subsection.1.2}{Gaining speed}{section.1}% 3
\BOOKMARK [1][-]{section.2}{Maximum intensity projection}{}% 4
\BOOKMARK [2][-]{subsection.2.1}{Backpack}{section.2}% 5
\BOOKMARK [2][-]{subsection.2.2}{Bonsai}{section.2}% 6
\BOOKMARK [2][-]{subsection.2.3}{Carp}{section.2}% 7
\BOOKMARK [2][-]{subsection.2.4}{Orange}{section.2}% 8
\BOOKMARK [2][-]{subsection.2.5}{Pig}{section.2}% 9
\BOOKMARK [2][-]{subsection.2.6}{Human}{section.2}% 10
\BOOKMARK [2][-]{subsection.2.7}{Tomato}{section.2}% 11
\BOOKMARK [2][-]{subsection.2.8}{Tooth}{section.2}% 12
\BOOKMARK [1][-]{section.3}{Compositing}{}% 13
\BOOKMARK [2][-]{subsection.3.1}{Backpack}{section.3}% 14
\BOOKMARK [2][-]{subsection.3.2}{Bonsai}{section.3}% 15
\BOOKMARK [2][-]{subsection.3.3}{Carp}{section.3}% 16
\BOOKMARK [2][-]{subsection.3.4}{Orange}{section.3}% 17
\BOOKMARK [2][-]{subsection.3.5}{Pig}{section.3}% 18
\BOOKMARK [2][-]{subsection.3.6}{Human}{section.3}% 19
\BOOKMARK [2][-]{subsection.3.7}{Tomato}{section.3}% 20
\BOOKMARK [2][-]{subsection.3.8}{Tooth}{section.3}% 21
\BOOKMARK [1][-]{section.4}{Opacity weighting}{}% 22
\BOOKMARK [2][-]{subsection.4.1}{Backpack}{section.4}% 23
\BOOKMARK [2][-]{subsection.4.2}{Bonsai}{section.4}% 24
\BOOKMARK [2][-]{subsection.4.3}{Carp}{section.4}% 25
\BOOKMARK [2][-]{subsection.4.4}{Orange}{section.4}% 26
\BOOKMARK [2][-]{subsection.4.5}{Pig}{section.4}% 27
\BOOKMARK [2][-]{subsection.4.6}{Human}{section.4}% 28
\BOOKMARK [2][-]{subsection.4.7}{Tomato}{section.4}% 29
\BOOKMARK [2][-]{subsection.4.8}{Tooth}{section.4}% 30
